
riscv.elf:     file format elf32-littleriscv


Disassembly of section .text:

00000000 <_start>:
   0:	00100293          	li	t0,1
   4:	00000313          	li	t1,0
   8:	00f00393          	li	t2,15

0000000c <loop>:
   c:	00628333          	add	t1,t0,t1
  10:	00128293          	addi	t0,t0,1
  14:	00728463          	beq	t0,t2,1c <fim>
  18:	ff5ff06f          	j	c <loop>

0000001c <fim>:
  1c:	00100073          	ebreak

Disassembly of section .riscv.attributes:

00000000 <.riscv.attributes>:
   0:	1941                	.insn	2, 0x1941
   2:	0000                	.insn	2, 0x
   4:	7200                	.insn	2, 0x7200
   6:	7369                	.insn	2, 0x7369
   8:	01007663          	bgeu	zero,a6,14 <loop+0x8>
   c:	0000000f          	fence	unknown,unknown
  10:	7205                	.insn	2, 0x7205
  12:	3376                	.insn	2, 0x3376
  14:	6932                	.insn	2, 0x6932
  16:	7032                	.insn	2, 0x7032
  18:	0031                	.insn	2, 0x0031
